<?xml version="1.0" encoding="UTF-8"?>
<!-- Generated by org.testng.reporters.JUnitXMLReporter -->
<testsuite ignored="1" hostname="KARTHIK-PC" failures="0" tests="1" name="Default test" time="32.505" errors="0" timestamp="2026-02-08T14:55:06 CET">
  <testcase classname="android.hybridapp.EndToEndTest" name="placeOrder" time="25.208"/>
  <testcase classname="android.hybridapp.EndToEndTest" name="addToCart" time="0.0">
    <ignored/>
  </testcase> <!-- addToCart -->
</testsuite> <!-- Default test -->
