<?xml version="1.0" encoding="UTF-8"?>
<!-- Generated by org.testng.reporters.JUnitXMLReporter -->
<testsuite ignored="1" hostname="KARTHIK-PC" failures="0" tests="1" name="Default test" time="12.92" errors="0" timestamp="2026-02-05T19:36:59 CET">
  <testcase classname="MobileAutomation.FirstProject.Miscellaneous" name="openUsingAppPackage" time="4.723"/>
  <testcase classname="MobileAutomation.FirstProject.Miscellaneous" name="firstTest" time="0.0">
    <ignored/>
  </testcase> <!-- firstTest -->
</testsuite> <!-- Default test -->
