<?xml version="1.0" encoding="UTF-8"?>
<testng-results ignored="1" total="2" passed="1" failed="0" skipped="0">
  <reporter-output>
  </reporter-output>
  <suite started-at="2026-02-08T14:54:34 CET" name="Default suite" finished-at="2026-02-08T14:55:06 CET" duration-ms="32505">
    <groups>
    </groups>
    <test started-at="2026-02-08T14:54:34 CET" name="Default test" finished-at="2026-02-08T14:55:06 CET" duration-ms="32505">
      <class name="android.hybridapp.EndToEndTest">
        <test-method is-config="true" signature="configureAppium()[pri:0, instance:android.hybridapp.EndToEndTest@3cd3e762]" started-at="2026-02-08T14:54:34 CET" name="configureAppium" finished-at="2026-02-08T14:54:40 CET" duration-ms="6018" status="PASS">
          <reporter-output>
          </reporter-output>
        </test-method> <!-- configureAppium -->
        <test-method signature="placeOrder()[pri:0, instance:android.hybridapp.EndToEndTest@3cd3e762]" started-at="2026-02-08T14:54:40 CET" name="placeOrder" finished-at="2026-02-08T14:55:05 CET" duration-ms="25208" status="PASS">
          <reporter-output>
          </reporter-output>
        </test-method> <!-- placeOrder -->
        <test-method is-config="true" signature="tearDown()[pri:0, instance:android.hybridapp.EndToEndTest@3cd3e762]" started-at="2026-02-08T14:55:05 CET" name="tearDown" finished-at="2026-02-08T14:55:06 CET" duration-ms="1232" status="PASS">
          <reporter-output>
          </reporter-output>
        </test-method> <!-- tearDown -->
      </class> <!-- android.hybridapp.EndToEndTest -->
    </test> <!-- Default test -->
  </suite> <!-- Default suite -->
</testng-results>
