<?xml version="1.0" encoding="UTF-8"?>
<!-- Generated by org.testng.reporters.JUnitReportReporter -->
<testsuite hostname="KARTHIK-PC" failures="0" tests="2" name="MobileAutomation.FirstProject.Miscellaneous" time="4.723" errors="0" timestamp="2026-02-05T19:36:59 CET" skipped="1">
  <testcase classname="MobileAutomation.FirstProject.Miscellaneous" name="openUsingAppPackage" time="4.723"/>
  <testcase classname="MobileAutomation.FirstProject.Miscellaneous" name="firstTest">
    <skipped/>
  </testcase> <!-- firstTest -->
</testsuite> <!-- MobileAutomation.FirstProject.Miscellaneous -->
