<?xml version="1.0" encoding="UTF-8"?>
<!-- Generated by org.testng.reporters.JUnitReportReporter -->
<testsuite hostname="KARTHIK-PC" failures="0" tests="2" name="android.hybridapp.EndToEndTest" time="25.208" errors="0" timestamp="2026-02-08T14:55:06 CET" skipped="1">
  <testcase classname="android.hybridapp.EndToEndTest" name="placeOrder" time="25.208"/>
  <testcase classname="android.hybridapp.EndToEndTest" name="addToCart">
    <skipped/>
  </testcase> <!-- addToCart -->
</testsuite> <!-- android.hybridapp.EndToEndTest -->
