<?xml version="1.0" encoding="UTF-8"?>
<!-- Generated by org.testng.reporters.JUnitReportReporter -->
<testsuite hostname="KARTHIK-PC" failures="0" tests="5" name="MobileAutomation.FirstProject.AppiumBasics" time="6.733" errors="0" timestamp="2026-02-05T15:44:53 CET" skipped="4">
  <testcase classname="MobileAutomation.FirstProject.AppiumBasics" name="dragAndDropTest" time="6.733"/>
  <testcase classname="MobileAutomation.FirstProject.AppiumBasics" name="swipeTest">
    <skipped/>
  </testcase> <!-- swipeTest -->
  <testcase classname="MobileAutomation.FirstProject.AppiumBasics" name="longPressTest">
    <skipped/>
  </testcase> <!-- longPressTest -->
  <testcase classname="MobileAutomation.FirstProject.AppiumBasics" name="scrollTest">
    <skipped/>
  </testcase> <!-- scrollTest -->
  <testcase classname="MobileAutomation.FirstProject.AppiumBasics" name="firstTest">
    <skipped/>
  </testcase> <!-- firstTest -->
</testsuite> <!-- MobileAutomation.FirstProject.AppiumBasics -->
