<?xml version="1.0" encoding="UTF-8"?>
<!-- Generated by org.testng.reporters.JUnitReportReporter -->
<testsuite hostname="KARTHIK-PC" failures="0" tests="4" name="MobileAutomation.FirstProject.AlertDialogs" time="4.816" errors="0" timestamp="2026-02-05T17:20:03 CET" skipped="3">
  <testcase classname="MobileAutomation.FirstProject.AlertDialogs" name="listDialogs" time="4.816"/>
  <testcase classname="MobileAutomation.FirstProject.AlertDialogs" name="alertDialogWithLongText">
    <skipped/>
  </testcase> <!-- alertDialogWithLongText -->
  <testcase classname="MobileAutomation.FirstProject.AlertDialogs" name="alertDialogWithUltraText">
    <skipped/>
  </testcase> <!-- alertDialogWithUltraText -->
  <testcase classname="MobileAutomation.FirstProject.AlertDialogs" name="alertDialogWithText">
    <skipped/>
  </testcase> <!-- alertDialogWithText -->
</testsuite> <!-- MobileAutomation.FirstProject.AlertDialogs -->
